0 info it worked if it ends with ok
1 verbose cli [ 'C:\\Program Files\\nodejs\\node.exe',
1 verbose cli   'C:\\Program Files\\nodejs\\node_modules\\npm\\bin\\npm-cli.js',
1 verbose cli   'run',
1 verbose cli   'test',
1 verbose cli   '--',
1 verbose cli   '--watch' ]
2 info using npm@3.10.10
3 info using node@v6.11.1
4 verbose run-script [ 'pretest', 'test', 'posttest' ]
5 info lifecycle full-stack-redux@1.0.0~pretest: full-stack-redux@1.0.0
6 silly lifecycle full-stack-redux@1.0.0~pretest: no script for pretest, continuing
7 info lifecycle full-stack-redux@1.0.0~test: full-stack-redux@1.0.0
8 verbose lifecycle full-stack-redux@1.0.0~test: unsafe-perm in lifecycle true
9 verbose lifecycle full-stack-redux@1.0.0~test: PATH: C:\Program Files\nodejs\node_modules\npm\bin\node-gyp-bin;F:\Flukky Workspace\Tutorials\full-stack-redux\node_modules\.bin;F:\Flukky Workspace\Tutorials\full-stack-redux\node_modules\.bin;C:\Users\User\AppData\Local\Yarn\config\link\node_modules\.bin;F:\Flukky Workspace\Tutorials\full-stack-redux\node_modules\.bin;C:\Users\User\AppData\Local\Yarn\config\link\node_modules\.bin;C:\Program Files\lib\node_modules\npm\bin\node-gyp-bin;C:\Program Files\nodejs\node_modules\npm\bin\node-gyp-bin;C:\Program Files\Git\mingw64\bin;C:\Program Files\Git\usr\bin;C:\Users\User\bin;C:\Users\User\bin;C:\Program Files\Git\mingw64\bin;C:\Program Files\Git\usr\local\bin;C:\Program Files\Git\usr\bin;C:\Program Files\Git\usr\bin;C:\Program Files\Git\mingw64\bin;C:\Program Files\Git\usr\bin;C:\Users\User\bin;C:\WINDOWS\system32;C:\WINDOWS;C:\WINDOWS\System32\Wbem;C:\WINDOWS\System32\WindowsPowerShell\v1.0;C:\Program Files\TortoiseSVN\bin;C:\Program Files (x86)\Skype\Phone;C:\Program Files\Git\cmd;C:\Program Files\nodejs;C:\Program Files\MongoDB\Server\3.4\bin;C:\Program Files (x86)\Yarn\bin;C:\Users\User\AppData\Local\Programs\Python\Python36-32\Scripts;C:\Users\User\AppData\Local\Programs\Python\Python36-32;C:\Users\User\AppData\Local\Microsoft\WindowsApps;C:\Program Files (x86)\Microsoft VS Code\bin;C:\Users\User\AppData\Roaming\npm;C:\Users\User\AppData\Local\Yarn\bin;C:\Program Files\Git\usr\bin\vendor_perl;C:\Program Files\Git\usr\bin\core_perl
10 verbose lifecycle full-stack-redux@1.0.0~test: CWD: F:\Flukky Workspace\Tutorials\full-stack-redux
11 silly lifecycle full-stack-redux@1.0.0~test: Args: [ '/d /s /c',
11 silly lifecycle   'mocha --compilers js:babel-core/register --require ./test/test_helper.js  --recursive "--watch"' ]
12 silly lifecycle full-stack-redux@1.0.0~test: Returned: code: 1  signal: null
13 info lifecycle full-stack-redux@1.0.0~test: Failed to exec test script
14 verbose stack Error: full-stack-redux@1.0.0 test: `mocha --compilers js:babel-core/register --require ./test/test_helper.js  --recursive "--watch"`
14 verbose stack Exit status 1
14 verbose stack     at EventEmitter.<anonymous> (C:\Program Files\nodejs\node_modules\npm\lib\utils\lifecycle.js:255:16)
14 verbose stack     at emitTwo (events.js:106:13)
14 verbose stack     at EventEmitter.emit (events.js:191:7)
14 verbose stack     at ChildProcess.<anonymous> (C:\Program Files\nodejs\node_modules\npm\lib\utils\spawn.js:40:14)
14 verbose stack     at emitTwo (events.js:106:13)
14 verbose stack     at ChildProcess.emit (events.js:191:7)
14 verbose stack     at maybeClose (internal/child_process.js:891:16)
14 verbose stack     at Process.ChildProcess._handle.onexit (internal/child_process.js:226:5)
15 verbose pkgid full-stack-redux@1.0.0
16 verbose cwd F:\Flukky Workspace\Tutorials\full-stack-redux
17 error Windows_NT 10.0.15063
18 error argv "C:\\Program Files\\nodejs\\node.exe" "C:\\Program Files\\nodejs\\node_modules\\npm\\bin\\npm-cli.js" "run" "test" "--" "--watch"
19 error node v6.11.1
20 error npm  v3.10.10
21 error code ELIFECYCLE
22 error full-stack-redux@1.0.0 test: `mocha --compilers js:babel-core/register --require ./test/test_helper.js  --recursive "--watch"`
22 error Exit status 1
23 error Failed at the full-stack-redux@1.0.0 test script 'mocha --compilers js:babel-core/register --require ./test/test_helper.js  --recursive "--watch"'.
23 error Make sure you have the latest version of node.js and npm installed.
23 error If you do, this is most likely a problem with the full-stack-redux package,
23 error not with npm itself.
23 error Tell the author that this fails on your system:
23 error     mocha --compilers js:babel-core/register --require ./test/test_helper.js  --recursive "--watch"
23 error You can get information on how to open an issue for this project with:
23 error     npm bugs full-stack-redux
23 error Or if that isn't available, you can get their info via:
23 error     npm owner ls full-stack-redux
23 error There is likely additional logging output above.
24 verbose exit [ 1, true ]
